
[Simulation begins] Tue Dec  8 09:47:25 2020

dt= 0.00144443, # iters = 2000
m x n = 1800 x 1800
processor geometry: 2 x 24

Compiled with MPI ENABLED

[Simulation completes] Tue Dec  8 09:47:26 2020

End at iteration 1999
Max norm: 9.96750e-01, L2norm: 6.48606e-01
Running Time: 0.86156 sec. [211 GFlop/sec]

   M x N   px x py Comm?   #iter  T_p, Gflops        Linf, L2
@ 1800 1800    2 24      Y     2000  0.8616 210.6    9.96750e-01 6.48606e-01
  -----

[Simulation begins] Tue Dec  8 09:47:29 2020

dt= 0.00144443, # iters = 2000
m x n = 1800 x 1800
processor geometry: 4 x 12

Compiled with MPI ENABLED

[Simulation completes] Tue Dec  8 09:47:31 2020

End at iteration 1999
Max norm: 9.96750e-01, L2norm: 6.48606e-01
Running Time: 1.71371 sec. [106 GFlop/sec]

   M x N   px x py Comm?   #iter  T_p, Gflops        Linf, L2
@ 1800 1800    4 12      Y     2000  1.714 105.9    9.96750e-01 6.48606e-01
  -----

[Simulation begins] Tue Dec  8 09:47:35 2020

dt= 0.00144443, # iters = 2000
m x n = 1800 x 1800
processor geometry: 6 x 8

Compiled with MPI ENABLED

[Simulation completes] Tue Dec  8 09:47:37 2020

End at iteration 1999
Max norm: 9.96750e-01, L2norm: 6.48606e-01
Running Time: 1.8673 sec. [97.2 GFlop/sec]

   M x N   px x py Comm?   #iter  T_p, Gflops        Linf, L2
@ 1800 1800    6 8      Y     2000  1.867 97.17    9.96750e-01 6.48606e-01
  -----

[Simulation begins] Tue Dec  8 09:47:41 2020

dt= 0.00144443, # iters = 2000
m x n = 1800 x 1800
processor geometry: 8 x 6

Compiled with MPI ENABLED

[Simulation completes] Tue Dec  8 09:47:42 2020

End at iteration 1999
Max norm: 9.96750e-01, L2norm: 6.48606e-01
Running Time: 0.97066 sec. [187 GFlop/sec]

   M x N   px x py Comm?   #iter  T_p, Gflops        Linf, L2
@ 1800 1800    8 6      Y     2000  0.9707 186.9    9.96750e-01 6.48606e-01
  -----

[Simulation begins] Tue Dec  8 09:47:45 2020

dt= 0.00144443, # iters = 2000
m x n = 1800 x 1800
processor geometry: 12 x 4

Compiled with MPI ENABLED

[Simulation completes] Tue Dec  8 09:47:47 2020

End at iteration 1999
Max norm: 9.96750e-01, L2norm: 6.48606e-01
Running Time: 1.19222 sec. [152 GFlop/sec]

   M x N   px x py Comm?   #iter  T_p, Gflops        Linf, L2
@ 1800 1800    12 4      Y     2000  1.192 152.2    9.96750e-01 6.48606e-01
  -----

[Simulation begins] Tue Dec  8 09:47:50 2020

dt= 0.00144443, # iters = 2000
m x n = 1800 x 1800
processor geometry: 24 x 2

Compiled with MPI ENABLED

[Simulation completes] Tue Dec  8 09:47:52 2020

End at iteration 1999
Max norm: 9.96750e-01, L2norm: 6.48606e-01
Running Time: 1.51995 sec. [119 GFlop/sec]

   M x N   px x py Comm?   #iter  T_p, Gflops        Linf, L2
@ 1800 1800    24 2      Y     2000  1.52 119.4    9.96750e-01 6.48606e-01
  -----
