
[Simulation begins] Wed Dec  9 01:33:56 2020

dt= 0.00144443, # iters = 2000
m x n = 1800 x 1800
processor geometry: 2 x 48

Compiled with MPI ENABLED

[Simulation completes] Wed Dec  9 01:33:57 2020

End at iteration 1999
Max norm: 9.96750e-01, L2norm: 6.48606e-01
Running Time: 0.500101 sec. [363 GFlop/sec]

   M x N   px x py Comm?   #iter  T_p, Gflops        Linf, L2
@ 1800 1800    2 48      Y     2000  0.5001 362.8    9.96750e-01 6.48606e-01
  -----

[Simulation begins] Wed Dec  9 01:34:02 2020

dt= 0.00144443, # iters = 2000
m x n = 1800 x 1800
processor geometry: 4 x 24

Compiled with MPI ENABLED

[Simulation completes] Wed Dec  9 01:34:03 2020

End at iteration 1999
Max norm: 9.96750e-01, L2norm: 6.48606e-01
Running Time: 0.456536 sec. [397 GFlop/sec]

   M x N   px x py Comm?   #iter  T_p, Gflops        Linf, L2
@ 1800 1800    4 24      Y     2000  0.4565 397.4    9.96750e-01 6.48606e-01
  -----

[Simulation begins] Wed Dec  9 01:34:08 2020

dt= 0.00144443, # iters = 2000
m x n = 1800 x 1800
processor geometry: 8 x 12

Compiled with MPI ENABLED

[Simulation completes] Wed Dec  9 01:34:09 2020

End at iteration 1999
Max norm: 9.96750e-01, L2norm: 6.48606e-01
Running Time: 0.478467 sec. [379 GFlop/sec]

   M x N   px x py Comm?   #iter  T_p, Gflops        Linf, L2
@ 1800 1800    8 12      Y     2000  0.4785 379.2    9.96750e-01 6.48606e-01
  -----

[Simulation begins] Wed Dec  9 01:34:14 2020

dt= 0.00144443, # iters = 2000
m x n = 1800 x 1800
processor geometry: 12 x 8

Compiled with MPI ENABLED

[Simulation completes] Wed Dec  9 01:34:14 2020

End at iteration 1999
Max norm: 9.96750e-01, L2norm: 6.48606e-01
Running Time: 0.469093 sec. [387 GFlop/sec]

   M x N   px x py Comm?   #iter  T_p, Gflops        Linf, L2
@ 1800 1800    12 8      Y     2000  0.4691 386.8    9.96750e-01 6.48606e-01
  -----

[Simulation begins] Wed Dec  9 01:34:20 2020

dt= 0.00144443, # iters = 2000
m x n = 1800 x 1800
processor geometry: 24 x 4

Compiled with MPI ENABLED

[Simulation completes] Wed Dec  9 01:34:20 2020

End at iteration 1999
Max norm: 9.96750e-01, L2norm: 6.48606e-01
Running Time: 0.569732 sec. [318 GFlop/sec]

   M x N   px x py Comm?   #iter  T_p, Gflops        Linf, L2
@ 1800 1800    24 4      Y     2000  0.5697 318.5    9.96750e-01 6.48606e-01
  -----

[Simulation begins] Wed Dec  9 01:34:26 2020

dt= 0.00144443, # iters = 2000
m x n = 1800 x 1800
processor geometry: 48 x 2

Compiled with MPI ENABLED

[Simulation completes] Wed Dec  9 01:34:26 2020

End at iteration 1999
Max norm: 9.96750e-01, L2norm: 6.48606e-01
Running Time: 0.744699 sec. [244 GFlop/sec]

   M x N   px x py Comm?   #iter  T_p, Gflops        Linf, L2
@ 1800 1800    48 2      Y     2000  0.7447 243.6    9.96750e-01 6.48606e-01
  -----
